c:\users\yochung\desktop\windowsdevelopmentsample-master\windowsdevelopmentsample-master\interoppractice\server\server\debug\server.pch
c:\users\yochung\desktop\windowsdevelopmentsample-master\windowsdevelopmentsample-master\interoppractice\server\server\debug\vc142.pdb
c:\users\yochung\desktop\windowsdevelopmentsample-master\windowsdevelopmentsample-master\interoppractice\server\server\debug\vc142.idb
c:\users\yochung\desktop\windowsdevelopmentsample-master\windowsdevelopmentsample-master\interoppractice\server\server\debug\precomplied.obj
c:\users\yochung\desktop\windowsdevelopmentsample-master\windowsdevelopmentsample-master\interoppractice\server\server\debug\server.obj
c:\users\yochung\desktop\windowsdevelopmentsample-master\windowsdevelopmentsample-master\interoppractice\server\server\debug\server.ilk
c:\users\yochung\desktop\windowsdevelopmentsample-master\windowsdevelopmentsample-master\interoppractice\server\debug\server.dll
c:\users\yochung\desktop\windowsdevelopmentsample-master\windowsdevelopmentsample-master\interoppractice\server\debug\server.pdb
c:\users\yochung\desktop\windowsdevelopmentsample-master\windowsdevelopmentsample-master\interoppractice\server\server\debug\server.dll.intermediate.manifest
c:\users\yochung\desktop\windowsdevelopmentsample-master\windowsdevelopmentsample-master\interoppractice\server\debug\server.dll.manifest
c:\users\yochung\desktop\windowsdevelopmentsample-master\windowsdevelopmentsample-master\interoppractice\server\debug\server.lib
c:\users\yochung\desktop\windowsdevelopmentsample-master\windowsdevelopmentsample-master\interoppractice\server\debug\server.exp
c:\users\yochung\desktop\windowsdevelopmentsample-master\windowsdevelopmentsample-master\interoppractice\server\server\debug\server.vcxproj.cppwinrt_comp.rsp
c:\users\yochung\desktop\windowsdevelopmentsample-master\windowsdevelopmentsample-master\interoppractice\server\server\debug\server.vcxproj.cppwinrt_plat.rsp
c:\users\yochung\desktop\windowsdevelopmentsample-master\windowsdevelopmentsample-master\interoppractice\server\server\debug\server.vcxproj.mdmerge.rsp
c:\users\yochung\desktop\windowsdevelopmentsample-master\windowsdevelopmentsample-master\interoppractice\server\server\debug\server.vcxproj.midlrt.rsp
c:\users\yochung\desktop\windowsdevelopmentsample-master\windowsdevelopmentsample-master\interoppractice\server\server\debug\server.tlog\cl.command.1.tlog
c:\users\yochung\desktop\windowsdevelopmentsample-master\windowsdevelopmentsample-master\interoppractice\server\server\debug\server.tlog\cl.read.1.tlog
c:\users\yochung\desktop\windowsdevelopmentsample-master\windowsdevelopmentsample-master\interoppractice\server\server\debug\server.tlog\cl.write.1.tlog
c:\users\yochung\desktop\windowsdevelopmentsample-master\windowsdevelopmentsample-master\interoppractice\server\server\debug\server.tlog\link.command.1.tlog
c:\users\yochung\desktop\windowsdevelopmentsample-master\windowsdevelopmentsample-master\interoppractice\server\server\debug\server.tlog\link.read.1.tlog
c:\users\yochung\desktop\windowsdevelopmentsample-master\windowsdevelopmentsample-master\interoppractice\server\server\debug\server.tlog\link.write.1.tlog
c:\users\yochung\desktop\windowsdevelopmentsample-master\windowsdevelopmentsample-master\interoppractice\server\server\debug\server.tlog\mt.command.1.tlog
c:\users\yochung\desktop\windowsdevelopmentsample-master\windowsdevelopmentsample-master\interoppractice\server\server\debug\server.tlog\mt.read.1.tlog
c:\users\yochung\desktop\windowsdevelopmentsample-master\windowsdevelopmentsample-master\interoppractice\server\server\debug\server.tlog\mt.write.1.tlog
c:\users\yochung\desktop\windowsdevelopmentsample-master\windowsdevelopmentsample-master\interoppractice\server\server\debug\server.tlog\server.write.1u.tlog
